2024-08-16 17:41:57.241 [org.example.JsonFileProcessor.main()] INFO  org.example.JsonFileProcessor - Created the watch service for : /home/bugeye2/IdeaProjects/FilePlayer/input
2024-08-16 17:42:07.242 [org.example.JsonFileProcessor.main()] INFO  org.example.JsonFileProcessor - Polling event ... 
2024-08-16 17:42:17.244 [org.example.JsonFileProcessor.main()] INFO  org.example.JsonFileProcessor - Polling event ... 
2024-08-16 17:42:27.244 [org.example.JsonFileProcessor.main()] INFO  org.example.JsonFileProcessor - Polling event ... 
2024-08-16 17:42:27.569 [org.example.JsonFileProcessor.main()] INFO  org.example.JsonFileProcessor - Polling event ... 
2024-08-16 17:42:27.570 [org.example.JsonFileProcessor.main()] INFO  org.example.JsonFileProcessor - Detected Event :ENTRY_CREATE
2024-08-16 17:42:27.696 [org.example.JsonFileProcessor.main()] INFO  org.example.JsonFileProcessor - Connection started: ActiveMQConnection {id=ID:DevLap-Arch-46233-1723848147587-1:1,clientId=ID:DevLap-Arch-46233-1723848147587-0:1,started=true}
2024-08-16 17:42:27.706 [org.example.JsonFileProcessor.main()] INFO  org.example.JsonFileProcessor - Sent file: /home/bugeye2/IdeaProjects/FilePlayer/input/mitch.jsonto queue:queue://FilePlayer
2024-08-16 17:42:27.709 [org.example.JsonFileProcessor.main()] INFO  org.example.JsonFileProcessor - Connection closed: ActiveMQConnection {id=ID:DevLap-Arch-46233-1723848147587-1:1,clientId=ID:DevLap-Arch-46233-1723848147587-0:1,started=false}
2024-08-16 17:42:27.709 [org.example.JsonFileProcessor.main()] INFO  org.example.JsonFileProcessor - Moved file: /home/bugeye2/IdeaProjects/FilePlayer/input/mitch.json to:/home/bugeye2/IdeaProjects/FilePlayer/output/mitch.json
2024-08-16 17:42:37.710 [org.example.JsonFileProcessor.main()] INFO  org.example.JsonFileProcessor - Polling event ... 
2024-08-16 17:42:47.710 [org.example.JsonFileProcessor.main()] INFO  org.example.JsonFileProcessor - Polling event ... 
2024-08-16 17:42:57.711 [org.example.JsonFileProcessor.main()] INFO  org.example.JsonFileProcessor - Polling event ... 
2024-08-16 17:43:07.711 [org.example.JsonFileProcessor.main()] INFO  org.example.JsonFileProcessor - Polling event ... 
2024-08-16 17:43:17.712 [org.example.JsonFileProcessor.main()] INFO  org.example.JsonFileProcessor - Polling event ... 
2024-08-16 17:43:27.712 [org.example.JsonFileProcessor.main()] INFO  org.example.JsonFileProcessor - Polling event ... 
2024-08-16 17:43:37.713 [org.example.JsonFileProcessor.main()] INFO  org.example.JsonFileProcessor - Polling event ... 
2024-08-16 17:43:47.714 [org.example.JsonFileProcessor.main()] INFO  org.example.JsonFileProcessor - Polling event ... 
2024-08-16 17:43:57.714 [org.example.JsonFileProcessor.main()] INFO  org.example.JsonFileProcessor - Polling event ... 
2024-08-16 17:44:07.715 [org.example.JsonFileProcessor.main()] INFO  org.example.JsonFileProcessor - Polling event ... 
2024-08-16 17:44:17.717 [org.example.JsonFileProcessor.main()] INFO  org.example.JsonFileProcessor - Polling event ... 
2024-08-16 17:44:27.717 [org.example.JsonFileProcessor.main()] INFO  org.example.JsonFileProcessor - Polling event ... 
2024-08-16 17:44:37.717 [org.example.JsonFileProcessor.main()] INFO  org.example.JsonFileProcessor - Polling event ... 
2024-08-16 17:44:47.718 [org.example.JsonFileProcessor.main()] INFO  org.example.JsonFileProcessor - Polling event ... 
2024-08-16 17:44:57.718 [org.example.JsonFileProcessor.main()] INFO  org.example.JsonFileProcessor - Polling event ... 
2024-08-16 17:45:07.719 [org.example.JsonFileProcessor.main()] INFO  org.example.JsonFileProcessor - Polling event ... 
2024-08-16 17:45:17.719 [org.example.JsonFileProcessor.main()] INFO  org.example.JsonFileProcessor - Polling event ... 
2024-08-16 17:45:27.720 [org.example.JsonFileProcessor.main()] INFO  org.example.JsonFileProcessor - Polling event ... 
2024-08-16 17:45:37.720 [org.example.JsonFileProcessor.main()] INFO  org.example.JsonFileProcessor - Polling event ... 
2024-08-16 17:45:47.721 [org.example.JsonFileProcessor.main()] INFO  org.example.JsonFileProcessor - Polling event ... 
2024-08-16 17:45:57.722 [org.example.JsonFileProcessor.main()] INFO  org.example.JsonFileProcessor - Polling event ... 
2024-08-16 17:46:07.722 [org.example.JsonFileProcessor.main()] INFO  org.example.JsonFileProcessor - Polling event ... 
2024-08-16 17:46:17.723 [org.example.JsonFileProcessor.main()] INFO  org.example.JsonFileProcessor - Polling event ... 
2024-08-16 17:46:27.723 [org.example.JsonFileProcessor.main()] INFO  org.example.JsonFileProcessor - Polling event ... 
